<?xml version="1.0" encoding="UTF-8"?>
<!-- Generated by org.testng.reporters.JUnitReportReporter -->
<testsuite hostname="SHREENIBAS" failures="0" tests="11" name="UserPanel.UserTest" time="35.753" errors="0" timestamp="2025-04-07T01:08:19 IST" skipped="0">
  <testcase classname="UserPanel.UserTest" name="UserLogInTest" time="3.751"/>
  <system-out/>
  <testcase classname="UserPanel.UserTest" name="UserLogInTest" time="1.640"/>
  <system-out/>
  <testcase classname="UserPanel.UserTest" name="UserLogInTest" time="2.515"/>
  <system-out/>
  <testcase classname="UserPanel.UserTest" name="UserLogInTest" time="1.967"/>
  <system-out/>
  <testcase classname="UserPanel.UserTest" name="UserLogInTest" time="1.749"/>
  <system-out/>
  <testcase classname="UserPanel.UserTest" name="UserLogInTest" time="2.001"/>
  <system-out/>
  <testcase classname="UserPanel.UserTest" name="userCreatetransactionTest" time="13.313"/>
  <system-out/>
  <testcase classname="UserPanel.UserTest" name="UserLogInTest" time="2.305"/>
  <system-out/>
  <testcase classname="UserPanel.UserTest" name="UserLogInTest" time="2.265"/>
  <system-out/>
  <testcase classname="UserPanel.UserTest" name="UserLogInTest" time="2.547"/>
  <system-out/>
  <testcase classname="UserPanel.UserTest" name="UserLogInTest" time="1.700"/>
  <system-out/>
</testsuite> <!-- UserPanel.UserTest -->
