<?xml version="1.0" encoding="UTF-8"?>
<!-- Generated by org.testng.reporters.JUnitReportReporter -->
<testsuite hostname="SHREENIBAS" failures="0" tests="1" name="Admin.EmployeeTest" time="8.107" errors="0" timestamp="2025-04-07T01:06:59 IST" skipped="0">
  <testcase classname="Admin.EmployeeTest" name="addEmployeeTest" time="8.107"/>
  <system-out/>
</testsuite> <!-- Admin.EmployeeTest -->
