<?xml version="1.0" encoding="UTF-8"?>
<!-- Generated by org.testng.reporters.JUnitReportReporter -->
<testsuite hostname="SHREENIBAS" failures="0" tests="1" name="Admin.CustomerTest" time="11.234" errors="0" timestamp="2025-04-07T01:49:11 IST" skipped="0">
  <testcase classname="Admin.CustomerTest" name="addCustomerTest" time="11.234"/>
  <system-out/>
</testsuite> <!-- Admin.CustomerTest -->
